14:54:32 **** Incremental Build of configuration Debug for project TestFunciones ****
Info: Internal Builder is used for build
gcc -O0 -g3 -Wall -c -fmessage-length=0 -o "src\\TestFunciones.o" "..\\src\\TestFunciones.c" 
gcc -o TestFunciones.exe "src\\TestFunciones.o" "src\\biblioteca_calculadora.o" "src\\biblioteca_input.o" 
Info: Nothing to build for TestFunciones
Info: Nothing to build for TestFunciones
14:56:37 **** Incremental Build of configuration Debug for project TestFunciones ****
Info: Internal Builder is used for build
gcc -O0 -g3 -Wall -c -fmessage-length=0 -o "src\\biblioteca_input.o" "..\\src\\biblioteca_input.c" 
gcc -o TestFunciones.exe "src\\TestFunciones.o" "src\\biblioteca_calculadora.o" "src\\biblioteca_input.o" 
Info: Nothing to build for TestFunciones
Info: Nothing to build for TestFunciones
Info: Nothing to build for TestFunciones
Info: Nothing to build for TestFunciones
Info: Nothing to build for TestFunciones
15:00:41 **** Incremental Build of configuration Debug for project TestFunciones ****
Info: Internal Builder is used for build
gcc -O0 -g3 -Wall -c -fmessage-length=0 -o "src\\biblioteca_input.o" "..\\src\\biblioteca_input.c" 
..\src\biblioteca_input.c:180:12: warning: 'esFloat' defined but not used [-Wunused-function]
  180 | static int esFloat (char cadena[])
      |            ^~~~~~~
gcc -o TestFunciones.exe "src\\TestFunciones.o" "src\\biblioteca_calculadora.o" "src\\biblioteca_input.o" 
15:01:07 **** Incremental Build of configuration Debug for project TestFunciones ****
Info: Internal Builder is used for build
gcc -O0 -g3 -Wall -c -fmessage-length=0 -o "src\\biblioteca_input.o" "..\\src\\biblioteca_input.c" 
gcc -o TestFunciones.exe "src\\TestFunciones.o" "src\\biblioteca_calculadora.o" "src\\biblioteca_input.o" 
Info: Nothing to build for TestFunciones
15:05:54 **** Incremental Build of configuration Debug for project TestFunciones ****
Info: Internal Builder is used for build
gcc -O0 -g3 -Wall -c -fmessage-length=0 -o "src\\TestFunciones.o" "..\\src\\TestFunciones.c" 
gcc -O0 -g3 -Wall -c -fmessage-length=0 -o "src\\biblioteca_input.o" "..\\src\\biblioteca_input.c" 
..\src\biblioteca_input.c: In function 'pedirFloat':
..\src\biblioteca_input.c:36:17: error: 'min' undeclared (first use in this function)
   36 |      if(buffer>=min&&buffer<=max)
      |                 ^~~
..\src\biblioteca_input.c:36:17: note: each undeclared identifier is reported only once for each function it appears in
..\src\biblioteca_input.c:36:30: error: 'max' undeclared (first use in this function)
   36 |      if(buffer>=min&&buffer<=max)
      |                              ^~~
..\src\biblioteca_input.c:22:6: warning: unused variable 'i' [-Wunused-variable]
   22 |  int i;
      |      ^
15:06:48 **** Incremental Build of configuration Debug for project TestFunciones ****
Info: Internal Builder is used for build
gcc -O0 -g3 -Wall -c -fmessage-length=0 -o "src\\biblioteca_input.o" "..\\src\\biblioteca_input.c" 
gcc -o TestFunciones.exe "src\\TestFunciones.o" "src\\biblioteca_calculadora.o" "src\\biblioteca_input.o" 
Info: Nothing to build for TestFunciones
15:07:44 **** Incremental Build of configuration Debug for project TestFunciones ****
Info: Internal Builder is used for build
gcc -O0 -g3 -Wall -c -fmessage-length=0 -o "src\\TestFunciones.o" "..\\src\\TestFunciones.c" 
..\src\TestFunciones.c: In function 'main':
..\src\TestFunciones.c:20:2: warning: implicit declaration of function 'pedirInt'; did you mean 'pedirFloat'? [-Wimplicit-function-declaration]
   20 |  pedirInt(&numero, "Ingrese un numero", "Error");
      |  ^~~~~~~~
      |  pedirFloat
gcc -O0 -g3 -Wall -c -fmessage-length=0 -o "src\\biblioteca_input.o" "..\\src\\biblioteca_input.c" 
gcc -o TestFunciones.exe "src\\TestFunciones.o" "src\\biblioteca_calculadora.o" "src\\biblioteca_input.o" 
15:07:57 **** Incremental Build of configuration Debug for project TestFunciones ****
Info: Internal Builder is used for build
gcc -O0 -g3 -Wall -c -fmessage-length=0 -o "src\\TestFunciones.o" "..\\src\\TestFunciones.c" 
gcc -O0 -g3 -Wall -c -fmessage-length=0 -o "src\\biblioteca_input.o" "..\\src\\biblioteca_input.c" 
gcc -o TestFunciones.exe "src\\TestFunciones.o" "src\\biblioteca_calculadora.o" "src\\biblioteca_input.o" 
Info: Nothing to build for TestFunciones
Info: Nothing to build for TestFunciones
15:09:56 **** Incremental Build of configuration Debug for project TestFunciones ****
Info: Internal Builder is used for build
gcc -O0 -g3 -Wall -c -fmessage-length=0 -o "src\\TestFunciones.o" "..\\src\\TestFunciones.c" 
..\src\TestFunciones.c: In function 'main':
..\src\TestFunciones.c:20:13: warning: passing argument 1 of 'pedirTexto' from incompatible pointer type [-Wincompatible-pointer-types]
   20 |  pedirTexto(&cadena, "Ingrese un texto", "Error");
      |             ^~~~~~~
      |             |
      |             char (*)[20]
In file included from ..\src\TestFunciones.c:8:
..\src\biblioteca_input.h:19:21: note: expected 'char *' but argument is of type 'char (*)[20]'
   19 | int pedirTexto(char pResultado[],int lenght, char* variableTexto, char* textoError);
      |                ~~~~~^~~~~~~~~~~~
..\src\TestFunciones.c:20:22: warning: passing argument 2 of 'pedirTexto' makes integer from pointer without a cast [-Wint-conversion]
   20 |  pedirTexto(&cadena, "Ingrese un texto", "Error");
      |                      ^~~~~~~~~~~~~~~~~~
      |                      |
      |                      char *
In file included from ..\src\TestFunciones.c:8:
..\src\biblioteca_input.h:19:38: note: expected 'int' but argument is of type 'char *'
   19 | int pedirTexto(char pResultado[],int lenght, char* variableTexto, char* textoError);
      |                                  ~~~~^~~~~~
..\src\TestFunciones.c:20:2: error: too few arguments to function 'pedirTexto'
   20 |  pedirTexto(&cadena, "Ingrese un texto", "Error");
      |  ^~~~~~~~~~
In file included from ..\src\TestFunciones.c:8:
..\src\biblioteca_input.h:19:5: note: declared here
   19 | int pedirTexto(char pResultado[],int lenght, char* variableTexto, char* textoError);
      |     ^~~~~~~~~~
15:10:35 **** Incremental Build of configuration Debug for project TestFunciones ****
Info: Internal Builder is used for build
gcc -O0 -g3 -Wall -c -fmessage-length=0 -o "src\\biblioteca_input.o" "..\\src\\biblioteca_input.c" 
gcc -O0 -g3 -Wall -c -fmessage-length=0 -o "src\\TestFunciones.o" "..\\src\\TestFunciones.c" 
gcc -o TestFunciones.exe "src\\TestFunciones.o" "src\\biblioteca_calculadora.o" "src\\biblioteca_input.o" 
Info: Nothing to build for TestFunciones
Info: Nothing to build for TestFunciones
Info: Nothing to build for TestFunciones
15:18:25 **** Incremental Build of configuration Debug for project TestFunciones ****
Info: Internal Builder is used for build
gcc -O0 -g3 -Wall -c -fmessage-length=0 -o "src\\biblioteca_input.o" "..\\src\\biblioteca_input.c" 
..\src\biblioteca_input.c: In function 'esChar':
..\src\biblioteca_input.c:356:21: warning: suggest parentheses around '&&' within '||' [-Wparentheses]
  356 |    if(cadena[i]>='A'&& cadena[i]<='Z'||cadena[i]>='a'&&cadena[i]<='z')
      |       ~~~~~~~~~~~~~~^~~~~~~~~~~~~~~~~
At top level:
..\src\biblioteca_input.c:343:12: warning: 'esChar' defined but not used [-Wunused-function]
  343 | static int esChar (char cadena[])
      |            ^~~~~~
gcc -o TestFunciones.exe "src\\TestFunciones.o" "src\\biblioteca_calculadora.o" "src\\biblioteca_input.o" 
15:20:51 **** Incremental Build of configuration Debug for project TestFunciones ****
Info: Internal Builder is used for build
gcc -O0 -g3 -Wall -c -fmessage-length=0 -o "src\\biblioteca_input.o" "..\\src\\biblioteca_input.c" 
..\src\biblioteca_input.c:343:12: warning: 'esChar' defined but not used [-Wunused-function]
  343 | static int esChar (char cadena[])
      |            ^~~~~~
gcc -o TestFunciones.exe "src\\TestFunciones.o" "src\\biblioteca_calculadora.o" "src\\biblioteca_input.o" 
15:24:44 **** Incremental Build of configuration Debug for project TestFunciones ****
Info: Internal Builder is used for build
gcc -O0 -g3 -Wall -c -fmessage-length=0 -o "src\\biblioteca_input.o" "..\\src\\biblioteca_input.c" 
..\src\biblioteca_input.c: In function 'esChar':
..\src\biblioteca_input.c:357:21: warning: suggest parentheses around '&&' within '||' [-Wparentheses]
  357 |    if(cadena[i]>='A'&&cadena[i]<='Z'|| cadena[i]>='a'&&cadena[i]<='z')
      |       ~~~~~~~~~~~~~~^~~~~~~~~~~~~~~~
At top level:
..\src\biblioteca_input.c:344:12: warning: 'esChar' defined but not used [-Wunused-function]
  344 | static int esChar (char cadena[])
      |            ^~~~~~
gcc -O0 -g3 -Wall -c -fmessage-length=0 -o "src\\TestFunciones.o" "..\\src\\TestFunciones.c" 
gcc -o TestFunciones.exe "src\\TestFunciones.o" "src\\biblioteca_calculadora.o" "src\\biblioteca_input.o" 
15:28:23 **** Incremental Build of configuration Debug for project TestFunciones ****
Info: Internal Builder is used for build
gcc -O0 -g3 -Wall -c -fmessage-length=0 -o "src\\biblioteca_input.o" "..\\src\\biblioteca_input.c" 
..\src\biblioteca_input.c: In function 'pedirCharAUsuarioIntentosRango':
..\src\biblioteca_input.c:256:13: warning: assignment to 'char' from 'char *' makes integer from pointer without a cast [-Wint-conversion]
  256 |       buffer=bufferCadenaAux;
      |             ^
gcc -o TestFunciones.exe "src\\TestFunciones.o" "src\\biblioteca_calculadora.o" "src\\biblioteca_input.o" 
15:29:06 **** Incremental Build of configuration Debug for project TestFunciones ****
Info: Internal Builder is used for build
gcc -O0 -g3 -Wall -c -fmessage-length=0 -o "src\\biblioteca_input.o" "..\\src\\biblioteca_input.c" 
..\src\biblioteca_input.c: In function 'pedirCharAUsuarioIntentosRango':
..\src\biblioteca_input.c:256:13: error: assignment to expression with array type
  256 |       buffer=bufferCadenaAux;
      |             ^
..\src\biblioteca_input.c:257:16: warning: comparison between pointer and integer
  257 |       if(buffer>=min&&buffer<=max)
      |                ^~
..\src\biblioteca_input.c:257:29: warning: comparison between pointer and integer
  257 |       if(buffer>=min&&buffer<=max)
      |                             ^~
..\src\biblioteca_input.c:260:19: warning: assignment to 'char' from 'char *' makes integer from pointer without a cast [-Wint-conversion]
  260 |        *pResultado=buffer;
      |                   ^
15:29:25 **** Incremental Build of configuration Debug for project TestFunciones ****
Info: Internal Builder is used for build
gcc -O0 -g3 -Wall -c -fmessage-length=0 -o "src\\biblioteca_input.o" "..\\src\\biblioteca_input.c" 
..\src\biblioteca_input.c: In function 'pedirCharAUsuarioIntentosRango':
..\src\biblioteca_input.c:256:13: warning: assignment to 'char' from 'char *' makes integer from pointer without a cast [-Wint-conversion]
  256 |       buffer=bufferCadenaAux;
      |             ^
gcc -o TestFunciones.exe "src\\TestFunciones.o" "src\\biblioteca_calculadora.o" "src\\biblioteca_input.o" 
15:31:49 **** Incremental Build of configuration Debug for project TestFunciones ****
Info: Internal Builder is used for build
gcc -O0 -g3 -Wall -c -fmessage-length=0 -o "src\\biblioteca_input.o" "..\\src\\biblioteca_input.c" 
..\src\biblioteca_input.c: In function 'pedirCharAUsuarioIntentosRango':
..\src\biblioteca_input.c:256:13: warning: assignment to 'char' from 'char *' makes integer from pointer without a cast [-Wint-conversion]
  256 |       buffer=bufferCadenaAux;
      |             ^
gcc -o TestFunciones.exe "src\\TestFunciones.o" "src\\biblioteca_calculadora.o" "src\\biblioteca_input.o" 
15:33:29 **** Incremental Build of configuration Debug for project TestFunciones ****
Info: Internal Builder is used for build
gcc -O0 -g3 -Wall -c -fmessage-length=0 -o "src\\biblioteca_input.o" "..\\src\\biblioteca_input.c" 
..\src\biblioteca_input.c: In function 'pedirCharAUsuarioIntentosRango':
..\src\biblioteca_input.c:255:25: warning: comparison between pointer and integer
  255 |       if(bufferCadenaAux>=min&&bufferCadenaAux<=max)
      |                         ^~
..\src\biblioteca_input.c:255:47: warning: comparison between pointer and integer
  255 |       if(bufferCadenaAux>=min&&bufferCadenaAux<=max)
      |                                               ^~
..\src\biblioteca_input.c:258:19: warning: assignment to 'char' from 'char *' makes integer from pointer without a cast [-Wint-conversion]
  258 |        *pResultado=bufferCadenaAux;
      |                   ^
gcc -o TestFunciones.exe "src\\TestFunciones.o" "src\\biblioteca_calculadora.o" "src\\biblioteca_input.o" 
15:34:45 **** Incremental Build of configuration Debug for project TestFunciones ****
Info: Internal Builder is used for build
gcc -O0 -g3 -Wall -c -fmessage-length=0 -o "src\\biblioteca_input.o" "..\\src\\biblioteca_input.c" 
gcc -o TestFunciones.exe "src\\TestFunciones.o" "src\\biblioteca_calculadora.o" "src\\biblioteca_input.o" 
15:36:10 **** Incremental Build of configuration Debug for project TestFunciones ****
Info: Internal Builder is used for build
gcc -O0 -g3 -Wall -c -fmessage-length=0 -o "src\\biblioteca_input.o" "..\\src\\biblioteca_input.c" 
gcc -O0 -g3 -Wall -c -fmessage-length=0 -o "src\\TestFunciones.o" "..\\src\\TestFunciones.c" 
..\src\TestFunciones.c: In function 'main':
..\src\TestFunciones.c:20:89: error: expected ';' before 'printf'
   20 |  pedirCharAUsuarioIntentosRango(&eleccion, 'a', 'z', 1000, "Ingrese una letra", "Error")
      |                                                                                         ^
      |                                                                                         ;
   21 | 
   22 |  printf("%c", eleccion);
      |  ~~~~~~                                                                                  
15:36:18 **** Incremental Build of configuration Debug for project TestFunciones ****
Info: Internal Builder is used for build
gcc -O0 -g3 -Wall -c -fmessage-length=0 -o "src\\TestFunciones.o" "..\\src\\TestFunciones.c" 
gcc -o TestFunciones.exe "src\\TestFunciones.o" "src\\biblioteca_calculadora.o" "src\\biblioteca_input.o" 
Info: Nothing to build for TestFunciones
Info: Nothing to build for TestFunciones
15:40:14 **** Incremental Build of configuration Debug for project TestFunciones ****
Info: Internal Builder is used for build
gcc -O0 -g3 -Wall -c -fmessage-length=0 -o "src\\TestFunciones.o" "..\\src\\TestFunciones.c" 
..\src\TestFunciones.c: In function 'main':
..\src\TestFunciones.c:20:52: error: expected ';' before 'printf'
   20 |  pedirChar(&eleccion, "Ingrese una letra", "Error")
      |                                                    ^
      |                                                    ;
   21 | 
   22 |  printf("%c", eleccion);
      |  ~~~~~~                                             
15:40:20 **** Incremental Build of configuration Debug for project TestFunciones ****
Info: Internal Builder is used for build
gcc -O0 -g3 -Wall -c -fmessage-length=0 -o "src\\biblioteca_input.o" "..\\src\\biblioteca_input.c" 
..\src\biblioteca_input.c: In function 'pedirChar':
..\src\biblioteca_input.c:243:6: warning: unused variable 'i' [-Wunused-variable]
  243 |  int i;
      |      ^
gcc -O0 -g3 -Wall -c -fmessage-length=0 -o "src\\TestFunciones.o" "..\\src\\TestFunciones.c" 
gcc -o TestFunciones.exe "src\\TestFunciones.o" "src\\biblioteca_calculadora.o" "src\\biblioteca_input.o" 
15:40:28 **** Incremental Build of configuration Debug for project TestFunciones ****
Info: Internal Builder is used for build
gcc -O0 -g3 -Wall -c -fmessage-length=0 -o "src\\biblioteca_input.o" "..\\src\\biblioteca_input.c" 
gcc -o TestFunciones.exe "src\\TestFunciones.o" "src\\biblioteca_calculadora.o" "src\\biblioteca_input.o" 
Info: Nothing to build for TestFunciones
Info: Nothing to build for TestFunciones
Info: Nothing to build for TestFunciones
15:46:03 **** Incremental Build of configuration Debug for project TestFunciones ****
Info: Internal Builder is used for build
gcc -O0 -g3 -Wall -c -fmessage-length=0 -o "src\\biblioteca_arrays.o" "..\\src\\biblioteca_arrays.c" 
gcc -O0 -g3 -Wall -c -fmessage-length=0 -o "src\\biblioteca_input.o" "..\\src\\biblioteca_input.c" 
..\src\biblioteca_input.c:438:12: warning: 'esAlfaNumerica' defined but not used [-Wunused-function]
  438 | static int esAlfaNumerica (char cadena[])
      |            ^~~~~~~~~~~~~~
gcc -O0 -g3 -Wall -c -fmessage-length=0 -o "src\\TestFunciones.o" "..\\src\\TestFunciones.c" 
..\src\TestFunciones.c: In function 'esChar':
..\src\TestFunciones.c:38:19: warning: implicit declaration of function 'strlen' [-Wimplicit-function-declaration]
   38 |  if(cadena!=NULL&&strlen(cadena)>0)
      |                   ^~~~~~
..\src\TestFunciones.c:38:19: warning: incompatible implicit declaration of built-in function 'strlen'
..\src\TestFunciones.c:9:1: note: include '<string.h>' or provide a declaration of 'strlen'
    8 | #include "biblioteca_input.h"
  +++ |+#include <string.h>
    9 | #include <stdio.h>
gcc -o TestFunciones.exe "src\\TestFunciones.o" "src\\biblioteca_arrays.o" "src\\biblioteca_calculadora.o" "src\\biblioteca_input.o" 
15:46:51 **** Incremental Build of configuration Debug for project TestFunciones ****
Info: Internal Builder is used for build
gcc -O0 -g3 -Wall -c -fmessage-length=0 -o "src\\TestFunciones.o" "..\\src\\TestFunciones.c" 
gcc -o TestFunciones.exe "src\\TestFunciones.o" "src\\biblioteca_arrays.o" "src\\biblioteca_calculadora.o" "src\\biblioteca_input.o" 
Info: Nothing to build for TestFunciones
15:47:01 **** Incremental Build of configuration Debug for project TestFunciones ****
Info: Internal Builder is used for build
gcc -O0 -g3 -Wall -c -fmessage-length=0 -o "src\\TestFunciones.o" "..\\src\\TestFunciones.c" 
gcc -o TestFunciones.exe "src\\TestFunciones.o" "src\\biblioteca_arrays.o" "src\\biblioteca_calculadora.o" "src\\biblioteca_input.o" 
Info: Nothing to build for TestFunciones
15:56:05 **** Incremental Build of configuration Debug for project TestFunciones ****
Info: Internal Builder is used for build
gcc -O0 -g3 -Wall -c -fmessage-length=0 -o "src\\TestFunciones.o" "..\\src\\TestFunciones.c" 
..\src\TestFunciones.c: In function 'main':
..\src\TestFunciones.c:19:6: warning: unused variable 'retorno' [-Wunused-variable]
   19 |  int retorno;
      |      ^~~~~~~
gcc -O0 -g3 -Wall -c -fmessage-length=0 -o "src\\biblioteca_arrays.o" "..\\src\\biblioteca_arrays.c" 
..\src\biblioteca_arrays.c: In function 'imprimirArray':
..\src\biblioteca_arrays.c:46:5: warning: implicit declaration of function 'imprimirElemento' [-Wimplicit-function-declaration]
   46 |     imprimirElemento(pArray[indice],indice);
      |     ^~~~~~~~~~~~~~~~
..\src\biblioteca_arrays.c: At top level:
..\src\biblioteca_arrays.c:56:6: warning: conflicting types for 'imprimirElemento'
   56 | void imprimirElemento (int elemento, int indice)
      |      ^~~~~~~~~~~~~~~~
..\src\biblioteca_arrays.c:46:5: note: previous implicit declaration of 'imprimirElemento' was here
   46 |     imprimirElemento(pArray[indice],indice);
      |     ^~~~~~~~~~~~~~~~
..\src\biblioteca_arrays.c: In function 'borrarImpares':
..\src\biblioteca_arrays.c:84:5: warning: implicit declaration of function 'modificarArray' [-Wimplicit-function-declaration]
   84 |     modificarArray(pArray, indice,reemplazo);
      |     ^~~~~~~~~~~~~~
..\src\biblioteca_arrays.c: At top level:
..\src\biblioteca_arrays.c:89:6: warning: conflicting types for 'modificarArray'
   89 | void modificarArray (int pArray[], int indice, int modificacion)
      |      ^~~~~~~~~~~~~~
..\src\biblioteca_arrays.c:84:5: note: previous implicit declaration of 'modificarArray' was here
   84 |     modificarArray(pArray, indice,reemplazo);
      |     ^~~~~~~~~~~~~~
gcc -O0 -g3 -Wall -c -fmessage-length=0 -o "src\\biblioteca_input.o" "..\\src\\biblioteca_input.c" 
..\src\biblioteca_input.c: In function 'pedirCharAUsuarioIntentosRango':
..\src\biblioteca_input.c:292:9: warning: implicit declaration of function 'esChar' [-Wimplicit-function-declaration]
  292 |      if(esChar(bufferCadenaAux)==0)
      |         ^~~~~~
gcc -o TestFunciones.exe "src\\TestFunciones.o" "src\\biblioteca_arrays.o" "src\\biblioteca_calculadora.o" "src\\biblioteca_input.o" 
c:/mingw/bin/../lib/gcc/mingw32/9.2.0/../../../../mingw32/bin/ld.exe: src\biblioteca_input.o: in function `pedirCharAUsuarioIntentosRango':
C:\Users\Nacho\Desktop\Programacion\UTN\ProgramacionUno\TestFunciones\Debug/../src/biblioteca_input.c:292: undefined reference to `esChar'
collect2.exe: error: ld returned 1 exit status
15:56:20 **** Incremental Build of configuration Debug for project TestFunciones ****
Info: Internal Builder is used for build
gcc -O0 -g3 -Wall -c -fmessage-length=0 -o "src\\TestFunciones.o" "..\\src\\TestFunciones.c" 
gcc -o TestFunciones.exe "src\\TestFunciones.o" "src\\biblioteca_arrays.o" "src\\biblioteca_calculadora.o" "src\\biblioteca_input.o" 
c:/mingw/bin/../lib/gcc/mingw32/9.2.0/../../../../mingw32/bin/ld.exe: src\biblioteca_input.o: in function `pedirCharAUsuarioIntentosRango':
C:\Users\Nacho\Desktop\Programacion\UTN\ProgramacionUno\TestFunciones\Debug/../src/biblioteca_input.c:292: undefined reference to `esChar'
collect2.exe: error: ld returned 1 exit status
15:56:22 **** Incremental Build of configuration Debug for project TestFunciones ****
Info: Internal Builder is used for build
gcc -o TestFunciones.exe "src\\TestFunciones.o" "src\\biblioteca_arrays.o" "src\\biblioteca_calculadora.o" "src\\biblioteca_input.o" 
c:/mingw/bin/../lib/gcc/mingw32/9.2.0/../../../../mingw32/bin/ld.exe: src\biblioteca_input.o: in function `pedirCharAUsuarioIntentosRango':
C:\Users\Nacho\Desktop\Programacion\UTN\ProgramacionUno\TestFunciones\Debug/../src/biblioteca_input.c:292: undefined reference to `esChar'
collect2.exe: error: ld returned 1 exit status
15:56:46 **** Incremental Build of configuration Debug for project TestFunciones ****
Info: Internal Builder is used for build
gcc -O0 -g3 -Wall -c -fmessage-length=0 -o "src\\biblioteca_arrays.o" "..\\src\\biblioteca_arrays.c" 
..\src\biblioteca_arrays.c: In function 'imprimirArray':
..\src\biblioteca_arrays.c:46:5: warning: implicit declaration of function 'imprimirElemento' [-Wimplicit-function-declaration]
   46 |     imprimirElemento(pArray[indice],indice);
      |     ^~~~~~~~~~~~~~~~
..\src\biblioteca_arrays.c: At top level:
..\src\biblioteca_arrays.c:56:6: warning: conflicting types for 'imprimirElemento'
   56 | void imprimirElemento (int elemento, int indice)
      |      ^~~~~~~~~~~~~~~~
..\src\biblioteca_arrays.c:46:5: note: previous implicit declaration of 'imprimirElemento' was here
   46 |     imprimirElemento(pArray[indice],indice);
      |     ^~~~~~~~~~~~~~~~
gcc -o TestFunciones.exe "src\\TestFunciones.o" "src\\biblioteca_arrays.o" "src\\biblioteca_calculadora.o" "src\\biblioteca_input.o" 
c:/mingw/bin/../lib/gcc/mingw32/9.2.0/../../../../mingw32/bin/ld.exe: src\biblioteca_input.o: in function `pedirCharAUsuarioIntentosRango':
C:\Users\Nacho\Desktop\Programacion\UTN\ProgramacionUno\TestFunciones\Debug/../src/biblioteca_input.c:292: undefined reference to `esChar'
collect2.exe: error: ld returned 1 exit status
15:57:30 **** Incremental Build of configuration Debug for project TestFunciones ****
Info: Internal Builder is used for build
gcc -O0 -g3 -Wall -c -fmessage-length=0 -o "src\\TestFunciones.o" "..\\src\\TestFunciones.c" 
gcc -O0 -g3 -Wall -c -fmessage-length=0 -o "src\\biblioteca_arrays.o" "..\\src\\biblioteca_arrays.c" 
gcc -o TestFunciones.exe "src\\TestFunciones.o" "src\\biblioteca_arrays.o" "src\\biblioteca_calculadora.o" "src\\biblioteca_input.o" 
c:/mingw/bin/../lib/gcc/mingw32/9.2.0/../../../../mingw32/bin/ld.exe: src\biblioteca_input.o: in function `pedirCharAUsuarioIntentosRango':
C:\Users\Nacho\Desktop\Programacion\UTN\ProgramacionUno\TestFunciones\Debug/../src/biblioteca_input.c:292: undefined reference to `esChar'
collect2.exe: error: ld returned 1 exit status
15:58:01 **** Incremental Build of configuration Debug for project TestFunciones ****
Info: Internal Builder is used for build
gcc -O0 -g3 -Wall -c -fmessage-length=0 -o "src\\biblioteca_input.o" "..\\src\\biblioteca_input.c" 
gcc -o TestFunciones.exe "src\\TestFunciones.o" "src\\biblioteca_arrays.o" "src\\biblioteca_calculadora.o" "src\\biblioteca_input.o" 
Info: Nothing to build for TestFunciones
16:07:02 **** Incremental Build of configuration Debug for project TestFunciones ****
Info: Internal Builder is used for build
gcc -O0 -g3 -Wall -c -fmessage-length=0 -o "src\\TestFunciones.o" "..\\src\\TestFunciones.c" 
gcc -O0 -g3 -Wall -c -fmessage-length=0 -o "src\\biblioteca_arrays.o" "..\\src\\biblioteca_arrays.c" 
..\src\biblioteca_arrays.c:147:3: error: expected identifier or '(' before '/' token
  147 | }*/
      |   ^
16:07:20 **** Incremental Build of configuration Debug for project TestFunciones ****
Info: Internal Builder is used for build
gcc -O0 -g3 -Wall -c -fmessage-length=0 -o "src\\biblioteca_arrays.o" "..\\src\\biblioteca_arrays.c" 
gcc -o TestFunciones.exe "src\\TestFunciones.o" "src\\biblioteca_arrays.o" "src\\biblioteca_calculadora.o" "src\\biblioteca_input.o" 
Info: Nothing to build for TestFunciones
16:08:47 **** Incremental Build of configuration Debug for project TestFunciones ****
Info: Internal Builder is used for build
gcc -O0 -g3 -Wall -c -fmessage-length=0 -o "src\\biblioteca_arrays.o" "..\\src\\biblioteca_arrays.c" 
gcc -o TestFunciones.exe "src\\TestFunciones.o" "src\\biblioteca_arrays.o" "src\\biblioteca_calculadora.o" "src\\biblioteca_input.o" 
Info: Nothing to build for TestFunciones
16:14:09 **** Incremental Build of configuration Debug for project TestFunciones ****
Info: Internal Builder is used for build
gcc -O0 -g3 -Wall -c -fmessage-length=0 -o "src\\biblioteca_arrays.o" "..\\src\\biblioteca_arrays.c" 
gcc -o TestFunciones.exe "src\\TestFunciones.o" "src\\biblioteca_arrays.o" "src\\biblioteca_calculadora.o" "src\\biblioteca_input.o" 
Info: Nothing to build for TestFunciones
16:15:01 **** Incremental Build of configuration Debug for project TestFunciones ****
Info: Internal Builder is used for build
gcc -O0 -g3 -Wall -c -fmessage-length=0 -o "src\\biblioteca_arrays.o" "..\\src\\biblioteca_arrays.c" 
gcc -o TestFunciones.exe "src\\TestFunciones.o" "src\\biblioteca_arrays.o" "src\\biblioteca_calculadora.o" "src\\biblioteca_input.o" 
c:/mingw/bin/../lib/gcc/mingw32/9.2.0/../../../../mingw32/bin/ld.exe: src\TestFunciones.o: in function `main':
C:\Users\Nacho\Desktop\Programacion\UTN\ProgramacionUno\TestFunciones\Debug/../src/TestFunciones.c:23: undefined reference to `ordernarArray'
collect2.exe: error: ld returned 1 exit status
16:15:02 **** Incremental Build of configuration Debug for project TestFunciones ****
Info: Internal Builder is used for build
gcc -o TestFunciones.exe "src\\TestFunciones.o" "src\\biblioteca_arrays.o" "src\\biblioteca_calculadora.o" "src\\biblioteca_input.o" 
c:/mingw/bin/../lib/gcc/mingw32/9.2.0/../../../../mingw32/bin/ld.exe: src\TestFunciones.o: in function `main':
C:\Users\Nacho\Desktop\Programacion\UTN\ProgramacionUno\TestFunciones\Debug/../src/TestFunciones.c:23: undefined reference to `ordernarArray'
collect2.exe: error: ld returned 1 exit status
16:15:22 **** Incremental Build of configuration Debug for project TestFunciones ****
Info: Internal Builder is used for build
gcc -O0 -g3 -Wall -c -fmessage-length=0 -o "src\\TestFunciones.o" "..\\src\\TestFunciones.c" 
..\src\TestFunciones.c: In function 'main':
..\src\TestFunciones.c:23:2: warning: implicit declaration of function 'ordernarArray'; did you mean 'ordenarArray'? [-Wimplicit-function-declaration]
   23 |  ordernarArray (cadena, 10);
      |  ^~~~~~~~~~~~~
      |  ordenarArray
gcc -O0 -g3 -Wall -c -fmessage-length=0 -o "src\\biblioteca_arrays.o" "..\\src\\biblioteca_arrays.c" 
gcc -o TestFunciones.exe "src\\TestFunciones.o" "src\\biblioteca_arrays.o" "src\\biblioteca_calculadora.o" "src\\biblioteca_input.o" 
c:/mingw/bin/../lib/gcc/mingw32/9.2.0/../../../../mingw32/bin/ld.exe: src\TestFunciones.o: in function `main':
C:\Users\Nacho\Desktop\Programacion\UTN\ProgramacionUno\TestFunciones\Debug/../src/TestFunciones.c:23: undefined reference to `ordernarArray'
collect2.exe: error: ld returned 1 exit status
16:15:43 **** Incremental Build of configuration Debug for project TestFunciones ****
Info: Internal Builder is used for build
gcc -o TestFunciones.exe "src\\TestFunciones.o" "src\\biblioteca_arrays.o" "src\\biblioteca_calculadora.o" "src\\biblioteca_input.o" 
c:/mingw/bin/../lib/gcc/mingw32/9.2.0/../../../../mingw32/bin/ld.exe: src\TestFunciones.o: in function `main':
C:\Users\Nacho\Desktop\Programacion\UTN\ProgramacionUno\TestFunciones\Debug/../src/TestFunciones.c:23: undefined reference to `ordernarArray'
collect2.exe: error: ld returned 1 exit status
16:16:46 **** Incremental Build of configuration Debug for project TestFunciones ****
Info: Internal Builder is used for build
gcc -O0 -g3 -Wall -c -fmessage-length=0 -o "src\\TestFunciones.o" "..\\src\\TestFunciones.c" 
gcc -o TestFunciones.exe "src\\TestFunciones.o" "src\\biblioteca_arrays.o" "src\\biblioteca_calculadora.o" "src\\biblioteca_input.o" 
Info: Nothing to build for TestFunciones
16:20:03 **** Incremental Build of configuration Debug for project TestFunciones ****
Info: Internal Builder is used for build
gcc -O0 -g3 -Wall -c -fmessage-length=0 -o "src\\TestFunciones.o" "..\\src\\TestFunciones.c" 
gcc -O0 -g3 -Wall -c -fmessage-length=0 -o "src\\biblioteca_arrays.o" "..\\src\\biblioteca_arrays.c" 
gcc -o TestFunciones.exe "src\\TestFunciones.o" "src\\biblioteca_arrays.o" "src\\biblioteca_calculadora.o" "src\\biblioteca_input.o" 
c:/mingw/bin/../lib/gcc/mingw32/9.2.0/../../../../mingw32/bin/ld.exe: src\TestFunciones.o: in function `main':
C:\Users\Nacho\Desktop\Programacion\UTN\ProgramacionUno\TestFunciones\Debug/../src/TestFunciones.c:23: undefined reference to `ordenarArray'
collect2.exe: error: ld returned 1 exit status
16:20:15 **** Incremental Build of configuration Debug for project TestFunciones ****
Info: Internal Builder is used for build
gcc -O0 -g3 -Wall -c -fmessage-length=0 -o "src\\biblioteca_arrays.o" "..\\src\\biblioteca_arrays.c" 
gcc -o TestFunciones.exe "src\\TestFunciones.o" "src\\biblioteca_arrays.o" "src\\biblioteca_calculadora.o" "src\\biblioteca_input.o" 
Info: Nothing to build for TestFunciones
16:21:32 **** Incremental Build of configuration Debug for project TestFunciones ****
Info: Internal Builder is used for build
gcc -O0 -g3 -Wall -c -fmessage-length=0 -o "src\\TestFunciones.o" "..\\src\\TestFunciones.c" 
gcc -O0 -g3 -Wall -c -fmessage-length=0 -o "src\\biblioteca_arrays.o" "..\\src\\biblioteca_arrays.c" 
gcc -o TestFunciones.exe "src\\TestFunciones.o" "src\\biblioteca_arrays.o" "src\\biblioteca_calculadora.o" "src\\biblioteca_input.o" 
Info: Nothing to build for TestFunciones
18:18:21 **** Incremental Build of configuration Debug for project TestFunciones ****
Info: Internal Builder is used for build
gcc -O0 -g3 -Wall -c -fmessage-length=0 -o "src\\TestFunciones.o" "..\\src\\TestFunciones.c" 
gcc -O0 -g3 -Wall -c -fmessage-length=0 -o "src\\biblioteca_arrays.o" "..\\src\\biblioteca_arrays.c" 
gcc -O0 -g3 -Wall -c -fmessage-length=0 -o "src\\biblioteca_input.o" "..\\src\\biblioteca_input.c" 
gcc -O0 -g3 -Wall -c -fmessage-length=0 -o "src\\biblioteca_calculadora.o" "..\\src\\biblioteca_calculadora.c" 
gcc -o TestFunciones.exe "src\\TestFunciones.o" "src\\biblioteca_arrays.o" "src\\biblioteca_calculadora.o" "src\\biblioteca_input.o" 
Info: Nothing to build for TestFunciones
Info: Nothing to build for TestFunciones
18:21:00 **** Incremental Build of configuration Debug for project TestFunciones ****
Info: Internal Builder is used for build
gcc -O0 -g3 -Wall -c -fmessage-length=0 -o "src\\biblioteca_input.o" "..\\src\\biblioteca_input.c" 
gcc -o TestFunciones.exe "src\\TestFunciones.o" "src\\biblioteca_arrays.o" "src\\biblioteca_calculadora.o" "src\\biblioteca_input.o" 
c:/mingw/bin/../lib/gcc/mingw32/9.2.0/../../../../mingw32/bin/ld.exe: cannot open output file TestFunciones.exe: Permission denied
collect2.exe: error: ld returned 1 exit status
18:21:04 **** Incremental Build of configuration Debug for project TestFunciones ****
Info: Internal Builder is used for build
gcc -o TestFunciones.exe "src\\TestFunciones.o" "src\\biblioteca_arrays.o" "src\\biblioteca_calculadora.o" "src\\biblioteca_input.o" 
Info: Nothing to build for TestFunciones
Info: Nothing to build for TestFunciones
Info: Nothing to build for TestFunciones
18:24:33 **** Incremental Build of configuration Debug for project TestFunciones ****
Info: Internal Builder is used for build
gcc -O0 -g3 -Wall -c -fmessage-length=0 -o "src\\biblioteca_input.o" "..\\src\\biblioteca_input.c" 
gcc -o TestFunciones.exe "src\\TestFunciones.o" "src\\biblioteca_arrays.o" "src\\biblioteca_calculadora.o" "src\\biblioteca_input.o" 
Info: Nothing to build for TestFunciones
